<?xml version="1.0" encoding="UTF-8"?>
<!-- Generated by org.testng.reporters.JUnitXMLReporter -->
<testsuite ignored="0" hostname="NSL-6578" failures="0" tests="8" name="Default test" time="51.901" errors="0" timestamp="2022-07-05T10:55:02 IST">
  <testcase classname="abstracted.CustomAnnotations" name="assertAPI" time="3.776"/>
  <testcase classname="base.TestScript" name="searchProductGivenByAPI" time="9.807"/>
  <testcase classname="base.TestScript" name="searchProductGivenByAPI" time="6.243"/>
  <testcase classname="base.TestScript" name="searchProductGivenByAPI" time="8.935"/>
  <testcase classname="base.TestScript" name="searchProductGivenByAPI" time="6.271"/>
  <testcase classname="base.TestScript" name="searchProductGivenByAPI" time="6.999"/>
  <testcase classname="base.TestScript" name="searchProductGivenByAPI" time="6.209"/>
  <testcase classname="abstracted.CustomAnnotations" name="assertAPI" time="1.674"/>
</testsuite> <!-- Default test -->
